<?xml version="1.0" encoding="UTF-8"?>
<!-- Generated by org.testng.reporters.JUnitXMLReporter -->
<testsuite ignored="0" hostname="COACHAR" failures="0" tests="6" name="Default test" time="9.599" errors="0" timestamp="2023-09-26T03:35:30 CDT">
  <testcase classname="api.test.DDTests" name="testPostuser" time="4.471"/>
  <testcase classname="api.test.DDTests" name="testPostuser" time="0.446"/>
  <testcase classname="api.test.DDTests" name="testPostuser" time="0.413"/>
  <testcase classname="api.test.DDTests" name="testDeleteUserByName" time="0.449"/>
  <testcase classname="api.test.DDTests" name="testDeleteUserByName" time="0.405"/>
  <testcase classname="api.test.DDTests" name="testDeleteUserByName" time="0.378"/>
</testsuite> <!-- Default test -->
