<?xml version="1.0" encoding="UTF-8"?>
<testng-results ignored="0" total="1" passed="1" failed="0" skipped="0">
  <reporter-output>
  </reporter-output>
  <suite started-at="2023-09-23T07:56:42 CDT" name="Default suite" finished-at="2023-09-23T07:56:47 CDT" duration-ms="4712">
    <groups>
    </groups>
    <test started-at="2023-09-23T07:56:42 CDT" name="Default test" finished-at="2023-09-23T07:56:47 CDT" duration-ms="4712">
      <class name="api.test.UserTests">
        <test-method is-config="true" signature="setupData()[pri:0, instance:api.test.UserTests@4f83df68]" started-at="2023-09-23T07:56:42 CDT" name="setupData" finished-at="2023-09-23T07:56:42 CDT" duration-ms="470" status="PASS">
          <reporter-output>
          </reporter-output>
        </test-method> <!-- setupData -->
        <test-method signature="testPostUser()[pri:1, instance:api.test.UserTests@4f83df68]" started-at="2023-09-23T07:56:42 CDT" name="testPostUser" finished-at="2023-09-23T07:56:47 CDT" duration-ms="4107" status="PASS">
          <reporter-output>
          </reporter-output>
        </test-method> <!-- testPostUser -->
      </class> <!-- api.test.UserTests -->
    </test> <!-- Default test -->
  </suite> <!-- Default suite -->
</testng-results>
